<?xml version="1.0" encoding="UTF-8"?>
<testng-results ignored="0" total="1" passed="1" failed="0" skipped="0">
  <reporter-output>
  </reporter-output>
  <suite started-at="2022-09-22T10:03:40 WIB" name="Default suite" finished-at="2022-09-22T10:03:47 WIB" duration-ms="6522">
    <groups>
    </groups>
    <test started-at="2022-09-22T10:03:40 WIB" name="Default test" finished-at="2022-09-22T10:03:47 WIB" duration-ms="6522">
      <class name="com.juaracoding.restassured.posttestduadua.TestHerokuDelete">
        <test-method signature="testDelete()[pri:0, instance:com.juaracoding.restassured.posttestduadua.TestHerokuDelete@161479c6]" started-at="2022-09-22T10:03:40 WIB" name="testDelete" finished-at="2022-09-22T10:03:47 WIB" duration-ms="6445" status="PASS">
          <reporter-output>
          </reporter-output>
        </test-method> <!-- testDelete -->
      </class> <!-- com.juaracoding.restassured.posttestduadua.TestHerokuDelete -->
    </test> <!-- Default test -->
  </suite> <!-- Default suite -->
</testng-results>
